1AHW_A_ConSurfDB_grades -> Unable to find the grades page on ConSurfDB site
1AY7_B_ConSurfDB_grades -> Unable to find the grades page on ConSurfDB site
1BGX_H_ConSurfDB_grades -> Unable to find the grades page on ConSurfDB site
1DFJ_I_ConSurfDB_grades -> Unable to find the grades page on ConSurfDB site
1FFW_B_ConSurfDB_grades -> Unable to find the grades page on ConSurfDB site
1FLE_E_ConSurfDB_grades -> Unable to find the grades page on ConSurfDB site
1GXD_A_ConSurfDB_grades -> Unable to find the grades page on ConSurfDB site
1JIW_I_ConSurfDB_grades -> Unable to find the grades page on ConSurfDB site
1KAC_B_ConSurfDB_grades -> Unable to find the grades page on ConSurfDB site
1KLU_D_ConSurfDB_grades -> Unable to find the grades page on ConSurfDB site
1AHW_A_ConSurfDB_grades -> Unable to find the grades page on ConSurfDB site
1AY7_B_ConSurfDB_grades -> Unable to find the grades page on ConSurfDB site
1BGX_H_ConSurfDB_grades -> Unable to find the grades page on ConSurfDB site
1DFJ_I_ConSurfDB_grades -> Unable to find the grades page on ConSurfDB site
1FFW_B_ConSurfDB_grades -> Unable to find the grades page on ConSurfDB site
1FLE_E_ConSurfDB_grades -> Unable to find the grades page on ConSurfDB site
1GXD_A_ConSurfDB_grades -> Unable to find the grades page on ConSurfDB site
1JIW_I_ConSurfDB_grades -> Unable to find the grades page on ConSurfDB site
1KAC_B_ConSurfDB_grades -> Unable to find the grades page on ConSurfDB site
1KLU_D_ConSurfDB_grades -> Unable to find the grades page on ConSurfDB site
1AHW_A_ConSurfDB_grades -> Unable to find the grades page on ConSurfDB site
1AY7_B_ConSurfDB_grades -> Unable to find the grades page on ConSurfDB site
1BGX_H_ConSurfDB_grades -> Unable to find the grades page on ConSurfDB site
1DFJ_I_ConSurfDB_grades -> Unable to find the grades page on ConSurfDB site
1FFW_B_ConSurfDB_grades -> Unable to find the grades page on ConSurfDB site
1FLE_E_ConSurfDB_grades -> Unable to find the grades page on ConSurfDB site
1GXD_A_ConSurfDB_grades -> Unable to find the grades page on ConSurfDB site
1JIW_I_ConSurfDB_grades -> Unable to find the grades page on ConSurfDB site
1KAC_B_ConSurfDB_grades -> Unable to find the grades page on ConSurfDB site
1KLU_D_ConSurfDB_grades -> Unable to find the grades page on ConSurfDB site
1AHW_A_ConSurfDB_grades -> Unable to find the grades page on ConSurfDB site
1AY7_B_ConSurfDB_grades -> Unable to find the grades page on ConSurfDB site
1BGX_H_ConSurfDB_grades -> Unable to find the grades page on ConSurfDB site
1DFJ_I_ConSurfDB_grades -> Unable to find the grades page on ConSurfDB site
1FFW_B_ConSurfDB_grades -> Unable to find the grades page on ConSurfDB site
1FLE_E_ConSurfDB_grades -> Unable to find the grades page on ConSurfDB site
1GXD_A_ConSurfDB_grades -> Unable to find the grades page on ConSurfDB site
1JIW_I_ConSurfDB_grades -> Unable to find the grades page on ConSurfDB site
1KAC_B_ConSurfDB_grades -> Unable to find the grades page on ConSurfDB site
1KLU_D_ConSurfDB_grades -> Unable to find the grades page on ConSurfDB site
